<?xml version="1.0" encoding="UTF-8"?>
<testsuite name="datastructures.tree.BinaryTreeTest" tests="3" skipped="0" failures="0" errors="0" timestamp="2022-03-05T04:47:59" hostname="Joshuas-MacBook-Pro.local" time="0.066">
  <properties/>
  <testcase name="test_preOrderTraversal()" classname="datastructures.tree.BinaryTreeTest" time="0.052"/>
  <testcase name="postOrderTraversal()" classname="datastructures.tree.BinaryTreeTest" time="0.001"/>
  <testcase name="inOrderTraversal()" classname="datastructures.tree.BinaryTreeTest" time="0.002"/>
  <system-out><![CDATA[[2, 3]
[2, 3, 1]
[2, 3, 1]
test_preOrder()
[3]
[3, 1]
[3, 1, 2]
test_postOrder()
[3]
[3, 2, 1]
[3, 2, 1]
test_inOrder()
]]></system-out>
  <system-err><![CDATA[]]></system-err>
</testsuite>
