<?xml version="1.0" encoding="UTF-8"?>
<testsuite name="datastructures.tree.BinaryTreeTest" tests="3" skipped="0" failures="0" errors="0" timestamp="2022-03-08T00:40:12" hostname="Joshuas-MacBook-Pro.local" time="0.062">
  <properties/>
  <testcase name="test_preOrderTraversal()" classname="datastructures.tree.BinaryTreeTest" time="0.051"/>
  <testcase name="postOrderTraversal()" classname="datastructures.tree.BinaryTreeTest" time="0.003"/>
  <testcase name="inOrderTraversal()" classname="datastructures.tree.BinaryTreeTest" time="0.002"/>
  <system-out><![CDATA[[2, 3]
[2, 3, 1]
[2, 3, 1]
test_preOrder()
[3]
[3, 1]
[3, 1, 2]
test_postOrder()
[3]
[3, 2, 1]
[3, 2, 1]
test_inOrder()
]]></system-out>
  <system-err><![CDATA[]]></system-err>
</testsuite>
